<?xml version="1.0" encoding="UTF-8"?>
<testsuite xmlns:xsi="http://www.w3.org/2001/XMLSchema-instance" xsi:noNamespaceSchemaLocation="https://maven.apache.org/surefire/maven-surefire-plugin/xsd/surefire-test-report.xsd" name="Scenario: Login with valid credentials" time="28.639" tests="13" errors="0" skipped="0" failures="0">
  <properties>
[...]
</properties>
  <testcase name="Given I go outreach website" classname="Scenario: Create new account with already used email address" time="0.002"/>
  <testcase name="And I click on Create Account link" classname="Scenario: Create new account with already used email address" time="0"/>
  <testcase name="And I enter all required field" classname="Scenario: Create new account with already used email address" time="0"/>
  <testcase name="When I click on Create Account button" classname="Scenario: Create new account with already used email address" time="0"/>
  <testcase name="Then I should get message &quot;You already have an account. Please log in, or click on &apos;Forgotten Password&apos; to set a new password.&quot;" classname="Scenario: Create new account with already used email address" time="0"/>
  <testcase name="Scenario: Create new account with already used email address" classname="Scenario: Create new account with already used email address" time="1.153"/>
  <testcase name="Given I go outreach website" classname="Scenario: Login with valid credentials" time="0"/>
  <testcase name="And I enter my username" classname="Scenario: Login with valid credentials" time="0"/>
  <testcase name="And I enter my password" classname="Scenario: Login with valid credentials" time="0"/>
  <testcase name="When I click on Submit" classname="Scenario: Login with valid credentials" time="0"/>
  <testcase name="Then I should get Welcome message" classname="Scenario: Login with valid credentials" time="0"/>
  <testcase name="And I should be able to logout" classname="Scenario: Login with valid credentials" time="0"/>
  <testcase name="Scenario: Login with valid credentials" classname="Scenario: Login with valid credentials" time="1.662"/>
</testsuite>